#
# There is insufficient memory for the Java Runtime Environment to continue.
# Native memory allocation (mmap) failed to map 3145728 bytes for G1 virtual space
# Possible reasons:
#   The system is out of physical RAM or swap space
#   The process is running with CompressedOops enabled, and the Java Heap may be blocking the growth of the native heap
# Possible solutions:
#   Reduce memory load on the system
#   Increase physical memory or swap space
#   Check if swap backing store is full
#   Decrease Java heap size (-Xmx/-Xms)
#   Decrease number of Java threads
#   Decrease Java thread stack sizes (-Xss)
#   Set larger code cache with -XX:ReservedCodeCacheSize=
#   JVM is running with Unscaled Compressed Oops mode in which the Java heap is
#     placed in the first 4GB address space. The Java Heap base address is the
#     maximum limit for the native heap growth. Please use -XX:HeapBaseMinAddress
#     to set the Java Heap base and to place the Java Heap above 4GB virtual address.
# This output file may be truncated or incomplete.
#
#  Out of Memory Error (os_windows.cpp:3535), pid=61300, tid=62888
#
# JRE version: OpenJDK Runtime Environment Temurin-17.0.3+7 (17.0.3+7) (build 17.0.3+7)
# Java VM: OpenJDK 64-Bit Server VM Temurin-17.0.3+7 (17.0.3+7, mixed mode, emulated-client, tiered, compressed oops, compressed class ptrs, g1 gc, windows-amd64)
# No core dump will be written. Minidumps are not enabled by default on client versions of Windows
#

---------------  S U M M A R Y ------------

Command Line: --add-modules=ALL-SYSTEM --add-exports=jdk.compiler/com.sun.tools.javac.file=ALL-UNNAMED --add-exports=jdk.compiler/com.sun.tools.javac.util=ALL-UNNAMED --add-exports=jdk.compiler/com.sun.tools.javac.comp=ALL-UNNAMED --add-exports=jdk.compiler/com.sun.tools.javac.main=ALL-UNNAMED --add-exports=jdk.compiler/com.sun.tools.javac.tree=ALL-UNNAMED --add-exports=jdk.compiler/com.sun.tools.javac.code=ALL-UNNAMED -Dsts.lsp.client=vscode -Dsts.log.file=/dev/null -XX:TieredStopAtLevel=1 -Dspring.config.location=file:c:\Users\pedro\.vscode\extensions\pivotal.vscode-spring-boot-1.36.0\language-server\BOOT-INF\classes\application.properties org.springframework.ide.vscode.boot.app.BootLanguageServerBootApp

Host: AMD Ryzen 7 5700U with Radeon Graphics         , 16 cores, 5G,  Windows 11 , 64 bit Build 22000 (10.0.22000.708)
Time: Fri Jul 29 20:10:01 2022 Hora oficial do Brasil elapsed time: 3.997279 seconds (0d 0h 0m 3s)

---------------  T H R E A D  ---------------

Current thread (0x0000025ae4e37500):  VMThread "VM Thread" [stack: 0x000000c5aa400000,0x000000c5aa500000] [id=62888]

Stack: [0x000000c5aa400000,0x000000c5aa500000]
Native frames: (J=compiled Java code, j=interpreted, Vv=VM code, C=native code)
V  [jvm.dll+0x675efa]
V  [jvm.dll+0x830a24]
V  [jvm.dll+0x8321ce]
V  [jvm.dll+0x832833]
V  [jvm.dll+0x2454b5]
V  [jvm.dll+0x672de9]
V  [jvm.dll+0x667732]
V  [jvm.dll+0x3043ab]
V  [jvm.dll+0x30b8f6]
V  [jvm.dll+0x35b62e]
V  [jvm.dll+0x35b85f]
V  [jvm.dll+0x2db248]
V  [jvm.dll+0x2d94fc]
V  [jvm.dll+0x2d8acc]
V  [jvm.dll+0x31ca2b]
V  [jvm.dll+0x836cdb]
V  [jvm.dll+0x837a14]
V  [jvm.dll+0x837f2c]
V  [jvm.dll+0x838304]
V  [jvm.dll+0x8383d0]
V  [jvm.dll+0x7e0cfa]
V  [jvm.dll+0x674d85]
C  [ucrtbase.dll+0x26c0c]
C  [KERNEL32.DLL+0x154e0]
C  [ntdll.dll+0x485b]

VM_Operation (0x000000c5acffe530): G1CollectForAllocation, mode: safepoint, requested by thread 0x0000025ae6f26490


---------------  P R O C E S S  ---------------

Threads class SMR info:
_java_thread_list=0x0000025ae97cbd40, length=47, elements={
0x0000025ae4e50030, 0x0000025ae4e50ea0, 0x0000025ae4e71410, 0x0000025ae4e71f90,
0x0000025ae581d5b0, 0x0000025ae581ee80, 0x0000025ae5820530, 0x0000025ae5829e50,
0x0000025ae58852e0, 0x0000025ae5a04230, 0x0000025ae5a74810, 0x0000025ae6c9c440,
0x0000025ae6e39c00, 0x0000025ae6ee41a0, 0x0000025ad8338f50, 0x0000025ae6f01aa0,
0x0000025ae6f06b30, 0x0000025ae6f06580, 0x0000025ae6f05f80, 0x0000025ae6f0f550,
0x0000025ae6c2f300, 0x0000025ae6c2daf0, 0x0000025ae6c2dfc0, 0x0000025ae6c2e490,
0x0000025ae6c2e960, 0x0000025ae6f22ad0, 0x0000025ae6f25150, 0x0000025ae6f21790,
0x0000025ae6f26490, 0x0000025ae6f25620, 0x0000025ae6f24c80, 0x0000025ae6f242e0,
0x0000025ae6f25fc0, 0x0000025ae6f25af0, 0x0000025ae6f1fab0, 0x0000025ae6f23470,
0x0000025ae6f22130, 0x0000025ae6f26960, 0x0000025ae6f20df0, 0x0000025ae6f20920,
0x0000025ae6f20450, 0x0000025ae6f26e30, 0x0000025ae6f27300, 0x0000025ae6f22600,
0x0000025ae6f22fa0, 0x0000025ae6f247b0, 0x0000025ae6f212c0
}

Java Threads: ( => current thread )
  0x0000025ae4e50030 JavaThread "Reference Handler" daemon [_thread_blocked, id=34324, stack(0x000000c5aa500000,0x000000c5aa600000)]
  0x0000025ae4e50ea0 JavaThread "Finalizer" daemon [_thread_blocked, id=75308, stack(0x000000c5aa600000,0x000000c5aa700000)]
  0x0000025ae4e71410 JavaThread "Signal Dispatcher" daemon [_thread_blocked, id=62336, stack(0x000000c5aa700000,0x000000c5aa800000)]
  0x0000025ae4e71f90 JavaThread "Attach Listener" daemon [_thread_blocked, id=66576, stack(0x000000c5aa800000,0x000000c5aa900000)]
  0x0000025ae581d5b0 JavaThread "Service Thread" daemon [_thread_blocked, id=72728, stack(0x000000c5aa900000,0x000000c5aaa00000)]
  0x0000025ae581ee80 JavaThread "Monitor Deflation Thread" daemon [_thread_blocked, id=59956, stack(0x000000c5aaa00000,0x000000c5aab00000)]
  0x0000025ae5820530 JavaThread "C1 CompilerThread0" daemon [_thread_blocked, id=26192, stack(0x000000c5aab00000,0x000000c5aac00000)]
  0x0000025ae5829e50 JavaThread "Sweeper thread" daemon [_thread_blocked, id=67132, stack(0x000000c5aac00000,0x000000c5aad00000)]
  0x0000025ae58852e0 JavaThread "C1 CompilerThread1" daemon [_thread_blocked, id=74008, stack(0x000000c5aad00000,0x000000c5aae00000)]
  0x0000025ae5a04230 JavaThread "Common-Cleaner" daemon [_thread_blocked, id=73720, stack(0x000000c5aae00000,0x000000c5aaf00000)]
  0x0000025ae5a74810 JavaThread "Notification Thread" daemon [_thread_blocked, id=9228, stack(0x000000c5aaf00000,0x000000c5ab000000)]
  0x0000025ae6c9c440 JavaThread "ForkJoinPool.commonPool-worker-1" daemon [_thread_blocked, id=73744, stack(0x000000c5abf00000,0x000000c5ac000000)]
  0x0000025ae6e39c00 JavaThread "pool-7-thread-1" [_thread_blocked, id=20948, stack(0x000000c5ac000000,0x000000c5ac100000)]
  0x0000025ae6ee41a0 JavaThread "LanguageServerApp-lifecycle" [_thread_blocked, id=63200, stack(0x000000c5ac100000,0x000000c5ac200000)]
  0x0000025ad8338f50 JavaThread "DestroyJavaVM" [_thread_blocked, id=69492, stack(0x000000c5a9e00000,0x000000c5a9f00000)]
  0x0000025ae6f01aa0 JavaThread "ClassGraph-worker-0" daemon [_thread_blocked, id=75212, stack(0x000000c5ac200000,0x000000c5ac300000)]
  0x0000025ae6f06b30 JavaThread "ClassGraph-worker-1" daemon [_thread_blocked, id=39048, stack(0x000000c5ac300000,0x000000c5ac400000)]
  0x0000025ae6f06580 JavaThread "ClassGraph-worker-2" daemon [_thread_blocked, id=75092, stack(0x000000c5ac400000,0x000000c5ac500000)]
  0x0000025ae6f05f80 JavaThread "ClassGraph-worker-3" daemon [_thread_blocked, id=66040, stack(0x000000c5ac500000,0x000000c5ac600000)]
  0x0000025ae6f0f550 JavaThread "ClassGraph-worker-4" daemon [_thread_blocked, id=64924, stack(0x000000c5ac600000,0x000000c5ac700000)]
  0x0000025ae6c2f300 JavaThread "ClassGraph-worker-5" daemon [_thread_blocked, id=73292, stack(0x000000c5ac700000,0x000000c5ac800000)]
  0x0000025ae6c2daf0 JavaThread "ClassGraph-worker-6" daemon [_thread_blocked, id=73788, stack(0x000000c5ac800000,0x000000c5ac900000)]
  0x0000025ae6c2dfc0 JavaThread "ClassGraph-worker-7" daemon [_thread_blocked, id=71324, stack(0x000000c5ac900000,0x000000c5aca00000)]
  0x0000025ae6c2e490 JavaThread "ClassGraph-worker-8" daemon [_thread_blocked, id=63640, stack(0x000000c5aca00000,0x000000c5acb00000)]
  0x0000025ae6c2e960 JavaThread "ClassGraph-worker-9" daemon [_thread_blocked, id=70392, stack(0x000000c5acb00000,0x000000c5acc00000)]
  0x0000025ae6f22ad0 JavaThread "ClassGraph-worker-10" daemon [_thread_blocked, id=66820, stack(0x000000c5acc00000,0x000000c5acd00000)]
  0x0000025ae6f25150 JavaThread "ClassGraph-worker-11" daemon [_thread_blocked, id=73108, stack(0x000000c5acd00000,0x000000c5ace00000)]
  0x0000025ae6f21790 JavaThread "ClassGraph-worker-12" daemon [_thread_blocked, id=56504, stack(0x000000c5ace00000,0x000000c5acf00000)]
  0x0000025ae6f26490 JavaThread "ClassGraph-worker-13" daemon [_thread_blocked, id=5168, stack(0x000000c5acf00000,0x000000c5ad000000)]
  0x0000025ae6f25620 JavaThread "ClassGraph-worker-14" daemon [_thread_blocked, id=71040, stack(0x000000c5ad000000,0x000000c5ad100000)]
  0x0000025ae6f24c80 JavaThread "ClassGraph-worker-15" daemon [_thread_blocked, id=54236, stack(0x000000c5ad100000,0x000000c5ad200000)]
  0x0000025ae6f242e0 JavaThread "ClassGraph-worker-16" daemon [_thread_blocked, id=75648, stack(0x000000c5ad200000,0x000000c5ad300000)]
  0x0000025ae6f25fc0 JavaThread "ClassGraph-worker-17" daemon [_thread_blocked, id=61904, stack(0x000000c5ad300000,0x000000c5ad400000)]
  0x0000025ae6f25af0 JavaThread "ClassGraph-worker-18" daemon [_thread_blocked, id=73348, stack(0x000000c5ad400000,0x000000c5ad500000)]
  0x0000025ae6f1fab0 JavaThread "ClassGraph-worker-19" daemon [_thread_blocked, id=72784, stack(0x000000c5ad500000,0x000000c5ad600000)]
  0x0000025ae6f23470 JavaThread "ClassGraph-worker-20" daemon [_thread_blocked, id=73152, stack(0x000000c5ad600000,0x000000c5ad700000)]
  0x0000025ae6f22130 JavaThread "ClassGraph-worker-21" daemon [_thread_blocked, id=73460, stack(0x000000c5ad700000,0x000000c5ad800000)]
  0x0000025ae6f26960 JavaThread "ClassGraph-worker-22" daemon [_thread_blocked, id=71148, stack(0x000000c5ad800000,0x000000c5ad900000)]
  0x0000025ae6f20df0 JavaThread "ClassGraph-worker-23" daemon [_thread_blocked, id=58684, stack(0x000000c5ad900000,0x000000c5ada00000)]
  0x0000025ae6f20920 JavaThread "pool-8-thread-1" [_thread_in_native, id=74524, stack(0x000000c5ada00000,0x000000c5adb00000)]
  0x0000025ae6f20450 JavaThread "Simple-Language-Server main thread" daemon [_thread_blocked, id=74304, stack(0x000000c5adb00000,0x000000c5adc00000)]
  0x0000025ae6f26e30 JavaThread "pool-5-thread-1" [_thread_blocked, id=48668, stack(0x000000c5adc00000,0x000000c5add00000)]
  0x0000025ae6f27300 JavaThread "Reconciler-1" [_thread_blocked, id=63116, stack(0x000000c5add00000,0x000000c5ade00000)]
  0x0000025ae6f22600 JavaThread "pool-2-thread-1" [_thread_blocked, id=72420, stack(0x000000c5ade00000,0x000000c5adf00000)]
  0x0000025ae6f22fa0 JavaThread "ForkJoinPool.commonPool-worker-2" daemon [_thread_blocked, id=65172, stack(0x000000c5adf00000,0x000000c5ae000000)]
  0x0000025ae6f247b0 JavaThread "pool-2-thread-2" [_thread_blocked, id=39096, stack(0x000000c5ae000000,0x000000c5ae100000)]
  0x0000025ae6f212c0 JavaThread "parallel-1" daemon [_thread_blocked, id=23264, stack(0x000000c5ae100000,0x000000c5ae200000)]

Other Threads:
=>0x0000025ae4e37500 VMThread "VM Thread" [stack: 0x000000c5aa400000,0x000000c5aa500000] [id=62888]
  0x0000025ae5a255a0 WatcherThread [stack: 0x000000c5ab000000,0x000000c5ab100000] [id=54008]
  0x0000025ad83854a0 GCTaskThread "GC Thread#0" [stack: 0x000000c5a9f00000,0x000000c5aa000000] [id=72684]
  0x0000025ae65ba570 GCTaskThread "GC Thread#1" [stack: 0x000000c5ab100000,0x000000c5ab200000] [id=73660]
  0x0000025ae65face0 GCTaskThread "GC Thread#2" [stack: 0x000000c5ab200000,0x000000c5ab300000] [id=75100]
  0x0000025ae65faf90 GCTaskThread "GC Thread#3" [stack: 0x000000c5ab300000,0x000000c5ab400000] [id=57396]
  0x0000025ae65fb240 GCTaskThread "GC Thread#4" [stack: 0x000000c5ab400000,0x000000c5ab500000] [id=73712]
  0x0000025ae65fb4f0 GCTaskThread "GC Thread#5" [stack: 0x000000c5ab500000,0x000000c5ab600000] [id=75132]
  0x0000025ae65ffbc0 GCTaskThread "GC Thread#6" [stack: 0x000000c5ab600000,0x000000c5ab700000] [id=69616]
  0x0000025ae68a45b0 GCTaskThread "GC Thread#7" [stack: 0x000000c5ab800000,0x000000c5ab900000] [id=60816]
  0x0000025ae68b9430 GCTaskThread "GC Thread#8" [stack: 0x000000c5ab900000,0x000000c5aba00000] [id=71204]
  0x0000025ae68b96e0 GCTaskThread "GC Thread#9" [stack: 0x000000c5aba00000,0x000000c5abb00000] [id=59612]
  0x0000025ae68b9990 GCTaskThread "GC Thread#10" [stack: 0x000000c5abb00000,0x000000c5abc00000] [id=73436]
  0x0000025ae6a42c50 GCTaskThread "GC Thread#11" [stack: 0x000000c5abc00000,0x000000c5abd00000] [id=75460]
  0x0000025ae6a429a0 GCTaskThread "GC Thread#12" [stack: 0x000000c5ab700000,0x000000c5ab800000] [id=73996]
  0x0000025ad8392fb0 ConcurrentGCThread "G1 Main Marker" [stack: 0x000000c5aa000000,0x000000c5aa100000] [id=69928]
  0x0000025ad8395170 ConcurrentGCThread "G1 Conc#0" [stack: 0x000000c5aa100000,0x000000c5aa200000] [id=74132]
  0x0000025ae6a439c0 ConcurrentGCThread "G1 Conc#1" [stack: 0x000000c5abd00000,0x000000c5abe00000] [id=37980]
  0x0000025ae6a431b0 ConcurrentGCThread "G1 Conc#2" [stack: 0x000000c5abe00000,0x000000c5abf00000] [id=36744]
  0x0000025ad840d300 ConcurrentGCThread "G1 Refine#0" [stack: 0x000000c5aa200000,0x000000c5aa300000] [id=68484]
  0x0000025ad840dd20 ConcurrentGCThread "G1 Service" [stack: 0x000000c5aa300000,0x000000c5aa400000] [id=36636]

Threads with active compile tasks:

VM state: at safepoint (normal execution)

VM Mutex/Monitor currently owned by a thread:  ([mutex/lock_event])
[0x0000025ad617c790] Threads_lock - owner thread: 0x0000025ae4e37500
[0x0000025ad8338310] Heap_lock - owner thread: 0x0000025ae6f26490

Heap address: 0x00000000a2200000, size: 1502 MB, Compressed Oops mode: 32-bit

CDS archive(s) not mapped
Compressed class space mapped at: 0x0000000100000000-0x0000000140000000, reserved size: 1073741824
Narrow klass base: 0x0000000000000000, Narrow klass shift: 3, Narrow klass range: 0x140000000

GC Precious Log:
 CPUs: 16 total, 16 available
 Memory: 6005M
 Large Page Support: Disabled
 NUMA Support: Disabled
 Compressed Oops: Enabled (32-bit)
 Heap Region Size: 1M
 Heap Min Capacity: 8M
 Heap Initial Capacity: 94M
 Heap Max Capacity: 1502M
 Pre-touch: Disabled
 Parallel Workers: 13
 Concurrent Workers: 3
 Concurrent Refinement Workers: 13
 Periodic GC: Disabled

Heap:
 garbage-first heap   total 77824K, used 45118K [0x00000000a2200000, 0x0000000100000000)
  region size 1024K, 1 young (1024K), 1 survivors (1024K)
 Metaspace       used 34324K, committed 34688K, reserved 1081344K
  class space    used 4458K, committed 4608K, reserved 1048576K

Heap Regions: E=young(eden), S=young(survivor), O=old, HS=humongous(starts), HC=humongous(continues), CS=collection set, F=free, OA=open archive, CA=closed archive, TAMS=top-at-mark-start (previous, next)
|   0|0x00000000a2200000, 0x00000000a2300000, 0x00000000a2300000|100%| O|  |TAMS 0x00000000a2300000, 0x00000000a2300000| Untracked 
|   1|0x00000000a2300000, 0x00000000a2400000, 0x00000000a2400000|100%| O|  |TAMS 0x00000000a2400000, 0x00000000a2400000| Untracked 
|   2|0x00000000a2400000, 0x00000000a2500000, 0x00000000a2500000|100%| O|  |TAMS 0x00000000a2500000, 0x00000000a2500000| Untracked 
|   3|0x00000000a2500000, 0x00000000a2600000, 0x00000000a2600000|100%| O|  |TAMS 0x00000000a2600000, 0x00000000a2600000| Untracked 
|   4|0x00000000a2600000, 0x00000000a2700000, 0x00000000a2700000|100%| O|  |TAMS 0x00000000a2700000, 0x00000000a2700000| Untracked 
|   5|0x00000000a2700000, 0x00000000a2800000, 0x00000000a2800000|100%| O|  |TAMS 0x00000000a2800000, 0x00000000a2800000| Untracked 
|   6|0x00000000a2800000, 0x00000000a2900000, 0x00000000a2900000|100%| O|  |TAMS 0x00000000a2900000, 0x00000000a2900000| Untracked 
|   7|0x00000000a2900000, 0x00000000a2a00000, 0x00000000a2a00000|100%| O|  |TAMS 0x00000000a2a00000, 0x00000000a2a00000| Untracked 
|   8|0x00000000a2a00000, 0x00000000a2b00000, 0x00000000a2b00000|100%| O|  |TAMS 0x00000000a2a00000, 0x00000000a2b00000| Untracked 
|   9|0x00000000a2b00000, 0x00000000a2c00000, 0x00000000a2c00000|100%| O|  |TAMS 0x00000000a2c00000, 0x00000000a2c00000| Untracked 
|  10|0x00000000a2c00000, 0x00000000a2d00000, 0x00000000a2d00000|100%| O|  |TAMS 0x00000000a2d00000, 0x00000000a2d00000| Untracked 
|  11|0x00000000a2d00000, 0x00000000a2e00000, 0x00000000a2e00000|100%| O|  |TAMS 0x00000000a2e00000, 0x00000000a2e00000| Untracked 
|  12|0x00000000a2e00000, 0x00000000a2f00000, 0x00000000a2f00000|100%| O|  |TAMS 0x00000000a2f00000, 0x00000000a2f00000| Untracked 
|  13|0x00000000a2f00000, 0x00000000a3000000, 0x00000000a3000000|100%| O|  |TAMS 0x00000000a3000000, 0x00000000a3000000| Untracked 
|  14|0x00000000a3000000, 0x00000000a3100000, 0x00000000a3100000|100%| O|  |TAMS 0x00000000a3100000, 0x00000000a3100000| Untracked 
|  15|0x00000000a3100000, 0x00000000a3200000, 0x00000000a3200000|100%| O|  |TAMS 0x00000000a3200000, 0x00000000a3200000| Untracked 
|  16|0x00000000a3200000, 0x00000000a3300000, 0x00000000a3300000|100%| O|  |TAMS 0x00000000a3300000, 0x00000000a3300000| Untracked 
|  17|0x00000000a3300000, 0x00000000a3400000, 0x00000000a3400000|100%| O|  |TAMS 0x00000000a3400000, 0x00000000a3400000| Untracked 
|  18|0x00000000a3400000, 0x00000000a3500000, 0x00000000a3500000|100%| O|  |TAMS 0x00000000a3500000, 0x00000000a3500000| Untracked 
|  19|0x00000000a3500000, 0x00000000a3600000, 0x00000000a3600000|100%| O|  |TAMS 0x00000000a3600000, 0x00000000a3600000| Untracked 
|  20|0x00000000a3600000, 0x00000000a3700000, 0x00000000a3700000|100%| O|  |TAMS 0x00000000a3700000, 0x00000000a3700000| Untracked 
|  21|0x00000000a3700000, 0x00000000a3800000, 0x00000000a3800000|100%| O|  |TAMS 0x00000000a3800000, 0x00000000a3800000| Untracked 
|  22|0x00000000a3800000, 0x00000000a3900000, 0x00000000a3900000|100%| O|  |TAMS 0x00000000a3900000, 0x00000000a3900000| Untracked 
|  23|0x00000000a3900000, 0x00000000a3a00000, 0x00000000a3a00000|100%| O|  |TAMS 0x00000000a396d800, 0x00000000a3a00000| Untracked 
|  24|0x00000000a3a00000, 0x00000000a3b00000, 0x00000000a3b00000|100%| O|  |TAMS 0x00000000a3a00000, 0x00000000a3b00000| Untracked 
|  25|0x00000000a3b00000, 0x00000000a3c00000, 0x00000000a3c00000|100%| O|  |TAMS 0x00000000a3b00000, 0x00000000a3c00000| Untracked 
|  26|0x00000000a3c00000, 0x00000000a3d00000, 0x00000000a3d00000|100%| O|  |TAMS 0x00000000a3c00000, 0x00000000a3d00000| Untracked 
|  27|0x00000000a3d00000, 0x00000000a3e00000, 0x00000000a3e00000|100%| O|  |TAMS 0x00000000a3d00000, 0x00000000a3e00000| Untracked 
|  28|0x00000000a3e00000, 0x00000000a3f00000, 0x00000000a3f00000|100%| O|  |TAMS 0x00000000a3e00000, 0x00000000a3f00000| Untracked 
|  29|0x00000000a3f00000, 0x00000000a4000000, 0x00000000a4000000|100%| O|  |TAMS 0x00000000a3f00000, 0x00000000a4000000| Untracked 
|  30|0x00000000a4000000, 0x00000000a4100000, 0x00000000a4100000|100%| O|  |TAMS 0x00000000a4000000, 0x00000000a4100000| Untracked 
|  31|0x00000000a4100000, 0x00000000a4200000, 0x00000000a4200000|100%| O|  |TAMS 0x00000000a4100000, 0x00000000a4200000| Untracked 
|  32|0x00000000a4200000, 0x00000000a4300000, 0x00000000a4300000|100%| O|  |TAMS 0x00000000a4200000, 0x00000000a4300000| Untracked 
|  33|0x00000000a4300000, 0x00000000a4400000, 0x00000000a4400000|100%| O|  |TAMS 0x00000000a4300000, 0x00000000a4400000| Untracked 
|  34|0x00000000a4400000, 0x00000000a4500000, 0x00000000a4500000|100%| O|  |TAMS 0x00000000a4400000, 0x00000000a4500000| Untracked 
|  35|0x00000000a4500000, 0x00000000a4600000, 0x00000000a4600000|100%| O|  |TAMS 0x00000000a4500000, 0x00000000a4600000| Untracked 
|  36|0x00000000a4600000, 0x00000000a4700000, 0x00000000a4700000|100%| O|  |TAMS 0x00000000a4600000, 0x00000000a4700000| Untracked 
|  37|0x00000000a4700000, 0x00000000a4800000, 0x00000000a4800000|100%| O|  |TAMS 0x00000000a4700000, 0x00000000a4800000| Untracked 
|  38|0x00000000a4800000, 0x00000000a4900000, 0x00000000a4900000|100%| O|  |TAMS 0x00000000a4800000, 0x00000000a48c9400| Untracked 
|  39|0x00000000a4900000, 0x00000000a4a00000, 0x00000000a4a00000|100%| O|  |TAMS 0x00000000a4900000, 0x00000000a4900000| Untracked 
|  40|0x00000000a4a00000, 0x00000000a4b00000, 0x00000000a4b00000|100%| O|  |TAMS 0x00000000a4a00000, 0x00000000a4a00000| Untracked 
|  41|0x00000000a4b00000, 0x00000000a4c00000, 0x00000000a4c00000|100%| O|  |TAMS 0x00000000a4b00000, 0x00000000a4b00000| Untracked 
|  42|0x00000000a4c00000, 0x00000000a4d00000, 0x00000000a4d00000|100%| O|  |TAMS 0x00000000a4c00000, 0x00000000a4c00000| Untracked 
|  43|0x00000000a4d00000, 0x00000000a4d16800, 0x00000000a4e00000|  8%| O|  |TAMS 0x00000000a4d00000, 0x00000000a4d00000| Untracked 
|  44|0x00000000a4e00000, 0x00000000a4e00000, 0x00000000a4f00000|  0%| F|  |TAMS 0x00000000a4e00000, 0x00000000a4e00000| Untracked 
|  45|0x00000000a4f00000, 0x00000000a4f00000, 0x00000000a5000000|  0%| F|  |TAMS 0x00000000a4f00000, 0x00000000a4f00000| Untracked 
|  46|0x00000000a5000000, 0x00000000a5000000, 0x00000000a5100000|  0%| F|  |TAMS 0x00000000a5000000, 0x00000000a5000000| Untracked 
|  47|0x00000000a5100000, 0x00000000a5100000, 0x00000000a5200000|  0%| F|  |TAMS 0x00000000a5100000, 0x00000000a5100000| Untracked 
|  48|0x00000000a5200000, 0x00000000a5200000, 0x00000000a5300000|  0%| F|  |TAMS 0x00000000a5200000, 0x00000000a5200000| Untracked 
|  49|0x00000000a5300000, 0x00000000a5300000, 0x00000000a5400000|  0%| F|  |TAMS 0x00000000a5300000, 0x00000000a5300000| Untracked 
|  50|0x00000000a5400000, 0x00000000a5400000, 0x00000000a5500000|  0%| F|  |TAMS 0x00000000a5400000, 0x00000000a5400000| Untracked 
|  51|0x00000000a5500000, 0x00000000a5500000, 0x00000000a5600000|  0%| F|  |TAMS 0x00000000a5500000, 0x00000000a5500000| Untracked 
|  52|0x00000000a5600000, 0x00000000a5600000, 0x00000000a5700000|  0%| F|  |TAMS 0x00000000a5600000, 0x00000000a5600000| Untracked 
|  53|0x00000000a5700000, 0x00000000a5700000, 0x00000000a5800000|  0%| F|  |TAMS 0x00000000a5700000, 0x00000000a5700000| Untracked 
|  54|0x00000000a5800000, 0x00000000a5800000, 0x00000000a5900000|  0%| F|  |TAMS 0x00000000a5800000, 0x00000000a5800000| Untracked 
|  55|0x00000000a5900000, 0x00000000a5900000, 0x00000000a5a00000|  0%| F|  |TAMS 0x00000000a5900000, 0x00000000a5900000| Untracked 
|  56|0x00000000a5a00000, 0x00000000a5a00000, 0x00000000a5b00000|  0%| F|  |TAMS 0x00000000a5a00000, 0x00000000a5a00000| Untracked 
|  57|0x00000000a5b00000, 0x00000000a5b00000, 0x00000000a5c00000|  0%| F|  |TAMS 0x00000000a5b00000, 0x00000000a5b00000| Untracked 
|  58|0x00000000a5c00000, 0x00000000a5c00000, 0x00000000a5d00000|  0%| F|  |TAMS 0x00000000a5c00000, 0x00000000a5c00000| Untracked 
|  59|0x00000000a5d00000, 0x00000000a5df9208, 0x00000000a5e00000| 97%| S|CS|TAMS 0x00000000a5d00000, 0x00000000a5d00000| Complete 
|  60|0x00000000a5e00000, 0x00000000a5e00000, 0x00000000a5f00000|  0%| F|  |TAMS 0x00000000a5e00000, 0x00000000a5e00000| Untracked 
|  61|0x00000000a5f00000, 0x00000000a5f00000, 0x00000000a6000000|  0%| F|  |TAMS 0x00000000a5f00000, 0x00000000a5f00000| Untracked 
|  62|0x00000000a6000000, 0x00000000a6000000, 0x00000000a6100000|  0%| F|  |TAMS 0x00000000a6000000, 0x00000000a6000000| Untracked 
|  63|0x00000000a6100000, 0x00000000a6100000, 0x00000000a6200000|  0%| F|  |TAMS 0x00000000a6100000, 0x00000000a6100000| Untracked 
|  64|0x00000000a6200000, 0x00000000a6200000, 0x00000000a6300000|  0%| F|  |TAMS 0x00000000a6200000, 0x00000000a6200000| Untracked 
|  65|0x00000000a6300000, 0x00000000a6300000, 0x00000000a6400000|  0%| F|  |TAMS 0x00000000a6300000, 0x00000000a6300000| Untracked 
|  66|0x00000000a6400000, 0x00000000a6400000, 0x00000000a6500000|  0%| F|  |TAMS 0x00000000a6400000, 0x00000000a6400000| Untracked 
|  67|0x00000000a6500000, 0x00000000a6500000, 0x00000000a6600000|  0%| F|  |TAMS 0x00000000a6500000, 0x00000000a6500000| Untracked 
|  68|0x00000000a6600000, 0x00000000a6600000, 0x00000000a6700000|  0%| F|  |TAMS 0x00000000a6600000, 0x00000000a6600000| Untracked 
|  69|0x00000000a6700000, 0x00000000a6700000, 0x00000000a6800000|  0%| F|  |TAMS 0x00000000a6700000, 0x00000000a6700000| Untracked 
|  70|0x00000000a6800000, 0x00000000a6800000, 0x00000000a6900000|  0%| F|  |TAMS 0x00000000a6800000, 0x00000000a6800000| Untracked 
|  71|0x00000000a6900000, 0x00000000a6900000, 0x00000000a6a00000|  0%| F|  |TAMS 0x00000000a6900000, 0x00000000a6900000| Untracked 
|  75|0x00000000a6d00000, 0x00000000a6d00000, 0x00000000a6e00000|  0%| F|  |TAMS 0x00000000a6d00000, 0x00000000a6d00000| Untracked 
|  76|0x00000000a6e00000, 0x00000000a6e00000, 0x00000000a6f00000|  0%| F|  |TAMS 0x00000000a6e00000, 0x00000000a6e00000| Untracked 
|  77|0x00000000a6f00000, 0x00000000a6f00000, 0x00000000a7000000|  0%| F|  |TAMS 0x00000000a6f00000, 0x00000000a6f00000| Untracked 
|  93|0x00000000a7f00000, 0x00000000a7f00000, 0x00000000a8000000|  0%| F|  |TAMS 0x00000000a7f00000, 0x00000000a7f00000| Untracked 

Card table byte_map: [0x0000025ade910000,0x0000025adec00000] _byte_map_base: 0x0000025ade3ff000

Marking Bits (Prev, Next): (CMBitMap*) 0x0000025ad8386ac0, (CMBitMap*) 0x0000025ad8386b00
 Prev Bits: [0x0000025adeef0000, 0x0000025ae0668000)
 Next Bits: [0x0000025ae0670000, 0x0000025ae1de8000)

Polling page: 0x0000025ad62c0000

Metaspace:

Usage:
  Non-class:     29.17 MB used.
      Class:      4.35 MB used.
       Both:     33.52 MB used.

Virtual space:
  Non-class space:       32.00 MB reserved,      29.38 MB ( 92%) committed,  4 nodes.
      Class space:        1.00 GB reserved,       4.50 MB ( <1%) committed,  1 nodes.
             Both:        1.03 GB reserved,      33.88 MB (  3%) committed. 

Chunk freelists:
   Non-Class:  1.98 MB
       Class:  3.50 MB
        Both:  5.49 MB

MaxMetaspaceSize: unlimited
CompressedClassSpaceSize: 1.00 GB
Initial GC threshold: 21.00 MB
Current GC threshold: 53.06 MB
CDS: off
MetaspaceReclaimPolicy: balanced
 - commit_granule_bytes: 65536.
 - commit_granule_words: 8192.
 - virtual_space_node_default_size: 1048576.
 - enlarge_chunks_in_place: 1.
 - new_chunks_are_fully_committed: 0.
 - uncommit_free_chunks: 1.
 - use_allocation_guard: 0.
 - handle_deallocations: 1.


Internal statistics:

num_allocs_failed_limit: 3.
num_arena_births: 308.
num_arena_deaths: 0.
num_vsnodes_births: 5.
num_vsnodes_deaths: 0.
num_space_committed: 542.
num_space_uncommitted: 0.
num_chunks_returned_to_freelist: 3.
num_chunks_taken_from_freelist: 1277.
num_chunk_merges: 3.
num_chunk_splits: 877.
num_chunks_enlarged: 685.
num_purges: 0.
num_inconsistent_stats: 0.

CodeCache: size=49152Kb used=7797Kb max_used=7797Kb free=41354Kb
 bounds [0x0000025adafc0000, 0x0000025adb760000, 0x0000025addfc0000]
 total_blobs=4162 nmethods=3642 adapters=446
 compilation: enabled
              stopped_count=0, restarted_count=0
 full_count=0

Compilation events (20 events):
Event: 3.963 Thread 0x0000025ae5820530 nmethod 3636 0x0000025adb758c10 code [0x0000025adb758e00, 0x0000025adb759168]
Event: 3.963 Thread 0x0000025ae5820530 3637       1       nonapi.io.github.classgraph.fastzipfilereader.NestedJarHandler$RecyclableInflater::reset (8 bytes)
Event: 3.963 Thread 0x0000025ae5820530 nmethod 3637 0x0000025adb759310 code [0x0000025adb7594a0, 0x0000025adb759588]
Event: 3.963 Thread 0x0000025ae5820530 3638   !   1       nonapi.io.github.classgraph.fileslice.Slice$1::close (28 bytes)
Event: 3.963 Thread 0x0000025ae58852e0 nmethod 3639 0x0000025adb759690 code [0x0000025adb759860, 0x0000025adb759bd8]
Event: 3.963 Thread 0x0000025ae58852e0 3631       1       nonapi.io.github.classgraph.fileslice.Slice$1::<init> (44 bytes)
Event: 3.964 Thread 0x0000025ae5820530 nmethod 3638 0x0000025adb759e10 code [0x0000025adb759fe0, 0x0000025adb75a2b8]
Event: 3.964 Thread 0x0000025ae58852e0 nmethod 3631 0x0000025adb75a490 code [0x0000025adb75a640, 0x0000025adb75a9e8]
Event: 3.964 Thread 0x0000025ae5820530 3632       1       nonapi.io.github.classgraph.recycler.Recycler::acquire (53 bytes)
Event: 3.964 Thread 0x0000025ae58852e0 3634       1       nonapi.io.github.classgraph.fastzipfilereader.NestedJarHandler$8::<init> (63 bytes)
Event: 3.964 Thread 0x0000025ae58852e0 nmethod 3634 0x0000025adb75ab10 code [0x0000025adb75ace0, 0x0000025adb75b128]
Event: 3.964 Thread 0x0000025ae5820530 nmethod 3632 0x0000025adb75b290 code [0x0000025adb75b440, 0x0000025adb75b6c8]
Event: 3.964 Thread 0x0000025ae58852e0 3633       1       nonapi.io.github.classgraph.fastzipfilereader.NestedJarHandler::openInflaterInputStream (10 bytes)
Event: 3.964 Thread 0x0000025ae58852e0 nmethod 3633 0x0000025adb75b810 code [0x0000025adb75b9a0, 0x0000025adb75bae8]
Event: 3.973 Thread 0x0000025ae58852e0 3640   !   1       io.github.classgraph.ClasspathElementZip$1::open (79 bytes)
Event: 3.973 Thread 0x0000025ae5820530 3641       1       io.github.classgraph.ClasspathElementZip$1::openClassfile (13 bytes)
Event: 3.973 Thread 0x0000025ae5820530 nmethod 3641 0x0000025adb75bb90 code [0x0000025adb75bd40, 0x0000025adb75c048]
Event: 3.974 Thread 0x0000025ae5820530 3642       1       nonapi.io.github.classgraph.fileslice.reader.ClassfileReader::<init> (29 bytes)
Event: 3.974 Thread 0x0000025ae58852e0 nmethod 3640 0x0000025adb75c110 code [0x0000025adb75c360, 0x0000025adb75cc18]
Event: 3.974 Thread 0x0000025ae5820530 nmethod 3642 0x0000025adb75d190 code [0x0000025adb75d320, 0x0000025adb75d598]

GC Heap History (20 events):
Event: 3.078 GC heap after
{Heap after GC invocations=7 (full 0):
 garbage-first heap   total 45056K, used 17541K [0x00000000a2200000, 0x0000000100000000)
  region size 1024K, 2 young (2048K), 2 survivors (2048K)
 Metaspace       used 29837K, committed 30144K, reserved 1081344K
  class space    used 3747K, committed 3904K, reserved 1048576K
}
Event: 3.275 GC heap before
{Heap before GC invocations=7 (full 0):
 garbage-first heap   total 45056K, used 29829K [0x00000000a2200000, 0x0000000100000000)
  region size 1024K, 15 young (15360K), 2 survivors (2048K)
 Metaspace       used 31816K, committed 32064K, reserved 1081344K
  class space    used 4028K, committed 4160K, reserved 1048576K
}
Event: 3.279 GC heap after
{Heap after GC invocations=8 (full 0):
 garbage-first heap   total 54272K, used 18750K [0x00000000a2200000, 0x0000000100000000)
  region size 1024K, 2 young (2048K), 2 survivors (2048K)
 Metaspace       used 31816K, committed 32064K, reserved 1081344K
  class space    used 4028K, committed 4160K, reserved 1048576K
}
Event: 3.355 GC heap before
{Heap before GC invocations=8 (full 0):
 garbage-first heap   total 54272K, used 36158K [0x00000000a2200000, 0x0000000100000000)
  region size 1024K, 20 young (20480K), 2 survivors (2048K)
 Metaspace       used 31992K, committed 32256K, reserved 1081344K
  class space    used 4050K, committed 4160K, reserved 1048576K
}
Event: 3.358 GC heap after
{Heap after GC invocations=9 (full 0):
 garbage-first heap   total 54272K, used 22614K [0x00000000a2200000, 0x0000000100000000)
  region size 1024K, 3 young (3072K), 3 survivors (3072K)
 Metaspace       used 31992K, committed 32256K, reserved 1081344K
  class space    used 4050K, committed 4160K, reserved 1048576K
}
Event: 3.420 GC heap before
{Heap before GC invocations=9 (full 0):
 garbage-first heap   total 54272K, used 37974K [0x00000000a2200000, 0x0000000100000000)
  region size 1024K, 19 young (19456K), 3 survivors (3072K)
 Metaspace       used 32138K, committed 32384K, reserved 1081344K
  class space    used 4069K, committed 4160K, reserved 1048576K
}
Event: 3.423 GC heap after
{Heap after GC invocations=10 (full 0):
 garbage-first heap   total 54272K, used 26129K [0x00000000a2200000, 0x0000000100000000)
  region size 1024K, 3 young (3072K), 3 survivors (3072K)
 Metaspace       used 32138K, committed 32384K, reserved 1081344K
  class space    used 4069K, committed 4160K, reserved 1048576K
}
Event: 3.446 GC heap before
{Heap before GC invocations=10 (full 0):
 garbage-first heap   total 54272K, used 37393K [0x00000000a2200000, 0x0000000100000000)
  region size 1024K, 15 young (15360K), 3 survivors (3072K)
 Metaspace       used 32211K, committed 32576K, reserved 1081344K
  class space    used 4080K, committed 4224K, reserved 1048576K
}
Event: 3.450 GC heap after
{Heap after GC invocations=11 (full 0):
 garbage-first heap   total 54272K, used 30386K [0x00000000a2200000, 0x0000000100000000)
  region size 1024K, 2 young (2048K), 2 survivors (2048K)
 Metaspace       used 32211K, committed 32576K, reserved 1081344K
  class space    used 4080K, committed 4224K, reserved 1048576K
}
Event: 3.538 GC heap before
{Heap before GC invocations=12 (full 0):
 garbage-first heap   total 61440K, used 38578K [0x00000000a2200000, 0x0000000100000000)
  region size 1024K, 11 young (11264K), 2 survivors (2048K)
 Metaspace       used 32631K, committed 32960K, reserved 1081344K
  class space    used 4154K, committed 4288K, reserved 1048576K
}
Event: 3.542 GC heap after
{Heap after GC invocations=13 (full 0):
 garbage-first heap   total 77824K, used 33623K [0x00000000a2200000, 0x0000000100000000)
  region size 1024K, 2 young (2048K), 2 survivors (2048K)
 Metaspace       used 32631K, committed 32960K, reserved 1081344K
  class space    used 4154K, committed 4288K, reserved 1048576K
}
Event: 3.558 GC heap before
{Heap before GC invocations=13 (full 0):
 garbage-first heap   total 77824K, used 33623K [0x00000000a2200000, 0x0000000100000000)
  region size 1024K, 3 young (3072K), 2 survivors (2048K)
 Metaspace       used 32706K, committed 33024K, reserved 1081344K
  class space    used 4166K, committed 4288K, reserved 1048576K
}
Event: 3.560 GC heap after
{Heap after GC invocations=14 (full 0):
 garbage-first heap   total 77824K, used 34129K [0x00000000a2200000, 0x0000000100000000)
  region size 1024K, 1 young (1024K), 1 survivors (1024K)
 Metaspace       used 32706K, committed 33024K, reserved 1081344K
  class space    used 4166K, committed 4288K, reserved 1048576K
}
Event: 3.842 GC heap before
{Heap before GC invocations=14 (full 0):
 garbage-first heap   total 77824K, used 52561K [0x00000000a2200000, 0x0000000100000000)
  region size 1024K, 19 young (19456K), 1 survivors (1024K)
 Metaspace       used 33995K, committed 34368K, reserved 1081344K
  class space    used 4426K, committed 4608K, reserved 1048576K
}
Event: 3.843 GC heap after
{Heap after GC invocations=15 (full 0):
 garbage-first heap   total 77824K, used 34912K [0x00000000a2200000, 0x0000000100000000)
  region size 1024K, 2 young (2048K), 2 survivors (2048K)
 Metaspace       used 33995K, committed 34368K, reserved 1081344K
  class space    used 4426K, committed 4608K, reserved 1048576K
}
Event: 3.918 GC heap before
{Heap before GC invocations=15 (full 0):
 garbage-first heap   total 77824K, used 53344K [0x00000000a2200000, 0x0000000100000000)
  region size 1024K, 21 young (21504K), 2 survivors (2048K)
 Metaspace       used 34086K, committed 34432K, reserved 1081344K
  class space    used 4436K, committed 4608K, reserved 1048576K
}
Event: 3.928 GC heap after
{Heap after GC invocations=16 (full 0):
 garbage-first heap   total 77824K, used 42789K [0x00000000a2200000, 0x0000000100000000)
  region size 1024K, 3 young (3072K), 3 survivors (3072K)
 Metaspace       used 34086K, committed 34432K, reserved 1081344K
  class space    used 4436K, committed 4608K, reserved 1048576K
}
Event: 3.966 GC heap before
{Heap before GC invocations=16 (full 0):
 garbage-first heap   total 77824K, used 56101K [0x00000000a2200000, 0x0000000100000000)
  region size 1024K, 17 young (17408K), 3 survivors (3072K)
 Metaspace       used 34214K, committed 34560K, reserved 1081344K
  class space    used 4451K, committed 4608K, reserved 1048576K
}
Event: 3.968 GC heap after
{Heap after GC invocations=17 (full 0):
 garbage-first heap   total 77824K, used 44335K [0x00000000a2200000, 0x0000000100000000)
  region size 1024K, 2 young (2048K), 2 survivors (2048K)
 Metaspace       used 34214K, committed 34560K, reserved 1081344K
  class space    used 4451K, committed 4608K, reserved 1048576K
}
Event: 3.991 GC heap before
{Heap before GC invocations=17 (full 0):
 garbage-first heap   total 77824K, used 57647K [0x00000000a2200000, 0x0000000100000000)
  region size 1024K, 16 young (16384K), 2 survivors (2048K)
 Metaspace       used 34324K, committed 34688K, reserved 1081344K
  class space    used 4458K, committed 4608K, reserved 1048576K
}

Deoptimization events (16 events):
Event: 1.220 Thread 0x0000025ad8338f50 DEOPT PACKING pc=0x0000025adb2cfdf5 sp=0x000000c5a9efda60
Event: 1.220 Thread 0x0000025ad8338f50 DEOPT UNPACKING pc=0x0000025adb012b43 sp=0x000000c5a9efced0 mode 3
Event: 1.937 Thread 0x0000025ad8338f50 DEOPT PACKING pc=0x0000025adb3efc19 sp=0x000000c5a9efd210
Event: 1.937 Thread 0x0000025ad8338f50 DEOPT UNPACKING pc=0x0000025adb012b43 sp=0x000000c5a9efc6f0 mode 3
Event: 2.361 Thread 0x0000025ad8338f50 DEOPT PACKING pc=0x0000025adb4c2075 sp=0x000000c5a9efe0a0
Event: 2.361 Thread 0x0000025ad8338f50 DEOPT UNPACKING pc=0x0000025adb012b43 sp=0x000000c5a9efd510 mode 3
Event: 3.067 Thread 0x0000025ad8338f50 DEOPT PACKING pc=0x0000025adb563999 sp=0x000000c5a9efc780
Event: 3.067 Thread 0x0000025ad8338f50 DEOPT UNPACKING pc=0x0000025adb012b43 sp=0x000000c5a9efbc60 mode 3
Event: 3.160 Thread 0x0000025ae6c9c440 DEOPT PACKING pc=0x0000025adb5b4a2b sp=0x000000c5abffe320
Event: 3.160 Thread 0x0000025ae6c9c440 DEOPT UNPACKING pc=0x0000025adb012b43 sp=0x000000c5abffd868 mode 3
Event: 3.434 Thread 0x0000025ae6c2e490 DEOPT PACKING pc=0x0000025adb3f1301 sp=0x000000c5acaff210
Event: 3.435 Thread 0x0000025ae6c2e490 DEOPT UNPACKING pc=0x0000025adb012b43 sp=0x000000c5acafe6a0 mode 3
Event: 3.435 Thread 0x0000025ae6f1fab0 DEOPT PACKING pc=0x0000025adb3eb117 sp=0x000000c5ad5fed30
Event: 3.435 Thread 0x0000025ae6f1fab0 DEOPT UNPACKING pc=0x0000025adb012b43 sp=0x000000c5ad5fe188 mode 3
Event: 3.572 Thread 0x0000025ae6f20450 DEOPT PACKING pc=0x0000025adb6ed1b5 sp=0x000000c5adbfd770
Event: 3.572 Thread 0x0000025ae6f20450 DEOPT UNPACKING pc=0x0000025adb012b43 sp=0x000000c5adbfcc98 mode 3

Classes unloaded (0 events):
No events

Classes redefined (0 events):
No events

Internal exceptions (20 events):
Event: 3.893 Thread 0x0000025ae6f01aa0 Exception <a 'sun/nio/fs/WindowsException'{0x00000000a604f1f8}> (0x00000000a604f1f8) 
thrown [e:\jenkins\tmp\workspace\build\src\src\hotspot\share\prims\jni.cpp, line 516]
Event: 3.894 Thread 0x0000025ae6f01aa0 Exception <a 'sun/nio/fs/WindowsException'{0x00000000a604f648}> (0x00000000a604f648) 
thrown [e:\jenkins\tmp\workspace\build\src\src\hotspot\share\prims\jni.cpp, line 516]
Event: 3.897 Thread 0x0000025ae6f25fc0 Exception <a 'sun/nio/fs/WindowsException'{0x00000000a6196368}> (0x00000000a6196368) 
thrown [e:\jenkins\tmp\workspace\build\src\src\hotspot\share\prims\jni.cpp, line 516]
Event: 3.898 Thread 0x0000025ae6f25fc0 Exception <a 'sun/nio/fs/WindowsException'{0x00000000a6196788}> (0x00000000a6196788) 
thrown [e:\jenkins\tmp\workspace\build\src\src\hotspot\share\prims\jni.cpp, line 516]
Event: 3.907 Thread 0x0000025ae6f05f80 Exception <a 'sun/nio/fs/WindowsException'{0x00000000a5d25948}> (0x00000000a5d25948) 
thrown [e:\jenkins\tmp\workspace\build\src\src\hotspot\share\prims\jni.cpp, line 516]
Event: 3.907 Thread 0x0000025ae6f05f80 Exception <a 'sun/nio/fs/WindowsException'{0x00000000a5d25de0}> (0x00000000a5d25de0) 
thrown [e:\jenkins\tmp\workspace\build\src\src\hotspot\share\prims\jni.cpp, line 516]
Event: 3.952 Thread 0x0000025ae6f23470 Exception <a 'sun/nio/fs/WindowsException'{0x00000000a6726510}> (0x00000000a6726510) 
thrown [e:\jenkins\tmp\workspace\build\src\src\hotspot\share\prims\jni.cpp, line 516]
Event: 3.952 Thread 0x0000025ae6f23470 Exception <a 'sun/nio/fs/WindowsException'{0x00000000a678c018}> (0x00000000a678c018) 
thrown [e:\jenkins\tmp\workspace\build\src\src\hotspot\share\prims\jni.cpp, line 516]
Event: 3.960 Thread 0x0000025ae6f26490 Exception <a 'sun/nio/fs/WindowsException'{0x00000000a636f280}> (0x00000000a636f280) 
thrown [e:\jenkins\tmp\workspace\build\src\src\hotspot\share\prims\jni.cpp, line 516]
Event: 3.960 Thread 0x0000025ae6f26490 Exception <a 'sun/nio/fs/WindowsException'{0x00000000a6247568}> (0x00000000a6247568) 
thrown [e:\jenkins\tmp\workspace\build\src\src\hotspot\share\prims\jni.cpp, line 516]
Event: 3.961 Thread 0x0000025ae6f0f550 Exception <a 'sun/nio/fs/WindowsException'{0x00000000a62dbb48}> (0x00000000a62dbb48) 
thrown [e:\jenkins\tmp\workspace\build\src\src\hotspot\share\prims\jni.cpp, line 516]
Event: 3.961 Thread 0x0000025ae6f0f550 Exception <a 'sun/nio/fs/WindowsException'{0x00000000a62dbf68}> (0x00000000a62dbf68) 
thrown [e:\jenkins\tmp\workspace\build\src\src\hotspot\share\prims\jni.cpp, line 516]
Event: 3.964 Thread 0x0000025ae6f25fc0 Exception <a 'sun/nio/fs/WindowsException'{0x00000000a61e8e18}> (0x00000000a61e8e18) 
thrown [e:\jenkins\tmp\workspace\build\src\src\hotspot\share\prims\jni.cpp, line 516]
Event: 3.964 Thread 0x0000025ae6f25fc0 Exception <a 'sun/nio/fs/WindowsException'{0x00000000a61e9268}> (0x00000000a61e9268) 
thrown [e:\jenkins\tmp\workspace\build\src\src\hotspot\share\prims\jni.cpp, line 516]
Event: 3.976 Thread 0x0000025ae6f1fab0 Exception <a 'sun/nio/fs/WindowsException'{0x00000000a693dd50}> (0x00000000a693dd50) 
thrown [e:\jenkins\tmp\workspace\build\src\src\hotspot\share\prims\jni.cpp, line 516]
Event: 3.976 Thread 0x0000025ae6f1fab0 Exception <a 'sun/nio/fs/WindowsException'{0x00000000a693e120}> (0x00000000a693e120) 
thrown [e:\jenkins\tmp\workspace\build\src\src\hotspot\share\prims\jni.cpp, line 516]
Event: 3.976 Thread 0x0000025ae6f25150 Exception <a 'sun/nio/fs/WindowsException'{0x00000000a69b1430}> (0x00000000a69b1430) 
thrown [e:\jenkins\tmp\workspace\build\src\src\hotspot\share\prims\jni.cpp, line 516]
Event: 3.976 Thread 0x0000025ae6f25150 Exception <a 'sun/nio/fs/WindowsException'{0x00000000a69b1848}> (0x00000000a69b1848) 
thrown [e:\jenkins\tmp\workspace\build\src\src\hotspot\share\prims\jni.cpp, line 516]
Event: 3.977 Thread 0x0000025ae6f22130 Exception <a 'sun/nio/fs/WindowsException'{0x00000000a69ff040}> (0x00000000a69ff040) 
thrown [e:\jenkins\tmp\workspace\build\src\src\hotspot\share\prims\jni.cpp, line 516]
Event: 3.977 Thread 0x0000025ae6f22130 Exception <a 'sun/nio/fs/WindowsException'{0x00000000a69ff480}> (0x00000000a69ff480) 
thrown [e:\jenkins\tmp\workspace\build\src\src\hotspot\share\prims\jni.cpp, line 516]

VM Operations (20 events):
Event: 3.951 Executing VM operation: ICBufferFull done
Event: 3.951 Executing VM operation: ICBufferFull
Event: 3.951 Executing VM operation: ICBufferFull done
Event: 3.951 Executing VM operation: ICBufferFull
Event: 3.951 Executing VM operation: ICBufferFull done
Event: 3.951 Executing VM operation: ICBufferFull
Event: 3.951 Executing VM operation: ICBufferFull done
Event: 3.951 Executing VM operation: ICBufferFull
Event: 3.951 Executing VM operation: ICBufferFull done
Event: 3.951 Executing VM operation: ICBufferFull
Event: 3.951 Executing VM operation: ICBufferFull done
Event: 3.956 Executing VM operation: HandshakeAllThreads
Event: 3.956 Executing VM operation: HandshakeAllThreads done
Event: 3.957 Executing VM operation: HandshakeAllThreads
Event: 3.957 Executing VM operation: HandshakeAllThreads done
Event: 3.965 Executing VM operation: G1CollectForAllocation
Event: 3.966 Executing VM operation: G1CollectForAllocation done
Event: 3.966 Executing VM operation: G1CollectForAllocation
Event: 3.968 Executing VM operation: G1CollectForAllocation done
Event: 3.991 Executing VM operation: G1CollectForAllocation

Events (20 events):
Event: 3.649 loading class java/util/concurrent/CompletableFuture$UniCompose done
Event: 3.649 Thread 0x0000025ae6f22fa0 Thread added: 0x0000025ae6f22fa0
Event: 3.650 Thread 0x0000025ae6f247b0 Thread added: 0x0000025ae6f247b0
Event: 3.650 loading class java/util/concurrent/CompletableFuture$UniRelay
Event: 3.651 loading class java/util/concurrent/CompletableFuture$UniRelay done
Event: 3.768 Thread 0x0000025ae6f212c0 Thread added: 0x0000025ae6f212c0
Event: 3.775 loading class java/util/concurrent/CompletionException
Event: 3.775 loading class java/util/concurrent/CompletionException done
Event: 3.787 loading class java/io/PrintWriter
Event: 3.787 loading class java/io/PrintWriter done
Event: 3.790 loading class sun/nio/cs/StringUTF16
Event: 3.790 loading class sun/nio/cs/StringUTF16 done
Event: 3.791 loading class java/util/WeakHashMap$EntrySet
Event: 3.791 loading class java/util/WeakHashMap$EntrySet done
Event: 3.791 loading class java/util/WeakHashMap$EntryIterator
Event: 3.791 loading class java/util/WeakHashMap$HashIterator
Event: 3.791 loading class java/util/WeakHashMap$HashIterator done
Event: 3.791 loading class java/util/WeakHashMap$EntryIterator done
Event: 3.883 loading class sun/nio/fs/WindowsChannelFactory$2
Event: 3.884 loading class sun/nio/fs/WindowsChannelFactory$2 done


Dynamic libraries:
0x00007ff77a6b0000 - 0x00007ff77a6be000 	c:\Users\pedro\.vscode\extensions\redhat.java-1.9.0-win32-x64\jre\17.0.3-win32-x86_64\bin\java.exe
0x00007ffcbb9c0000 - 0x00007ffcbbbc9000 	C:\Windows\SYSTEM32\ntdll.dll
0x00007ffcba0c0000 - 0x00007ffcba17d000 	C:\Windows\System32\KERNEL32.DLL
0x00007ffcb8f60000 - 0x00007ffcb92d9000 	C:\Windows\System32\KERNELBASE.dll
0x00007ffcb9640000 - 0x00007ffcb9751000 	C:\Windows\System32\ucrtbase.dll
0x00007ffc84660000 - 0x00007ffc84679000 	c:\Users\pedro\.vscode\extensions\redhat.java-1.9.0-win32-x64\jre\17.0.3-win32-x86_64\bin\VCRUNTIME140.dll
0x00007ffc892d0000 - 0x00007ffc892e8000 	c:\Users\pedro\.vscode\extensions\redhat.java-1.9.0-win32-x64\jre\17.0.3-win32-x86_64\bin\jli.dll
0x00007ffcba560000 - 0x00007ffcba70c000 	C:\Windows\System32\USER32.dll
0x00007ffcb92e0000 - 0x00007ffcb9306000 	C:\Windows\System32\win32u.dll
0x00007ffcbb260000 - 0x00007ffcbb289000 	C:\Windows\System32\GDI32.dll
0x00007ffc9fc90000 - 0x00007ffc9ff35000 	C:\Windows\WinSxS\amd64_microsoft.windows.common-controls_6595b64144ccf1df_6.0.22000.120_none_9d947278b86cc467\COMCTL32.dll
0x00007ffcb9520000 - 0x00007ffcb9632000 	C:\Windows\System32\gdi32full.dll
0x00007ffcbadc0000 - 0x00007ffcbae63000 	C:\Windows\System32\msvcrt.dll
0x00007ffcb9310000 - 0x00007ffcb93ad000 	C:\Windows\System32\msvcp_win.dll
0x00007ffcba4b0000 - 0x00007ffcba4e1000 	C:\Windows\System32\IMM32.DLL
0x00007ffca06c0000 - 0x00007ffca06cc000 	c:\Users\pedro\.vscode\extensions\redhat.java-1.9.0-win32-x64\jre\17.0.3-win32-x86_64\bin\vcruntime140_1.dll
0x00007ffc39b20000 - 0x00007ffc39bb1000 	c:\Users\pedro\.vscode\extensions\redhat.java-1.9.0-win32-x64\jre\17.0.3-win32-x86_64\bin\msvcp140.dll
0x00007ffc32fe0000 - 0x00007ffc33c28000 	c:\Users\pedro\.vscode\extensions\redhat.java-1.9.0-win32-x64\jre\17.0.3-win32-x86_64\bin\server\jvm.dll
0x00007ffcb9850000 - 0x00007ffcb98fe000 	C:\Windows\System32\ADVAPI32.dll
0x00007ffcbb000000 - 0x00007ffcbb09e000 	C:\Windows\System32\sechost.dll
0x00007ffcbaee0000 - 0x00007ffcbb000000 	C:\Windows\System32\RPCRT4.dll
0x00007ffcbace0000 - 0x00007ffcbace8000 	C:\Windows\System32\PSAPI.DLL
0x00007ffcade10000 - 0x00007ffcade1a000 	C:\Windows\SYSTEM32\VERSION.dll
0x00007ffc93ef0000 - 0x00007ffc93ef9000 	C:\Windows\SYSTEM32\WSOCK32.dll
0x00007ffcbae70000 - 0x00007ffcbaedf000 	C:\Windows\System32\WS2_32.dll
0x00007ffcb3120000 - 0x00007ffcb3153000 	C:\Windows\SYSTEM32\WINMM.dll
0x00007ffcb7fa0000 - 0x00007ffcb7fb8000 	C:\Windows\SYSTEM32\kernel.appcore.dll
0x00007ffc9e2c0000 - 0x00007ffc9e2ca000 	c:\Users\pedro\.vscode\extensions\redhat.java-1.9.0-win32-x64\jre\17.0.3-win32-x86_64\bin\jimage.dll
0x00007ffcb6af0000 - 0x00007ffcb6d11000 	C:\Windows\SYSTEM32\DBGHELP.DLL
0x00007ffcafc30000 - 0x00007ffcafc61000 	C:\Windows\SYSTEM32\dbgcore.DLL
0x00007ffcb9760000 - 0x00007ffcb97df000 	C:\Windows\System32\bcryptPrimitives.dll
0x00007ffc84630000 - 0x00007ffc84655000 	c:\Users\pedro\.vscode\extensions\redhat.java-1.9.0-win32-x64\jre\17.0.3-win32-x86_64\bin\java.dll
0x00007ffc83a40000 - 0x00007ffc83a58000 	c:\Users\pedro\.vscode\extensions\redhat.java-1.9.0-win32-x64\jre\17.0.3-win32-x86_64\bin\zip.dll
0x00007ffcb9900000 - 0x00007ffcba0b8000 	C:\Windows\System32\SHELL32.dll
0x00007ffcb6eb0000 - 0x00007ffcb7717000 	C:\Windows\SYSTEM32\windows.storage.dll
0x00007ffcbb580000 - 0x00007ffcbb8f9000 	C:\Windows\System32\combase.dll
0x00007ffcb6d40000 - 0x00007ffcb6ea6000 	C:\Windows\SYSTEM32\wintypes.dll
0x00007ffcbb290000 - 0x00007ffcbb37a000 	C:\Windows\System32\SHCORE.dll
0x00007ffcbb380000 - 0x00007ffcbb3dd000 	C:\Windows\System32\shlwapi.dll
0x00007ffcb8dd0000 - 0x00007ffcb8df1000 	C:\Windows\SYSTEM32\profapi.dll
0x00007ffc83a60000 - 0x00007ffc83a79000 	C:\Users\pedro\.vscode\extensions\redhat.java-1.9.0-win32-x64\jre\17.0.3-win32-x86_64\bin\net.dll
0x00007ffcb2fa0000 - 0x00007ffcb30ac000 	C:\Windows\SYSTEM32\WINHTTP.dll
0x00007ffcb83d0000 - 0x00007ffcb8437000 	C:\Windows\system32\mswsock.dll
0x00007ffc83a20000 - 0x00007ffc83a35000 	C:\Users\pedro\.vscode\extensions\redhat.java-1.9.0-win32-x64\jre\17.0.3-win32-x86_64\bin\nio.dll
0x00007ffc9e0c0000 - 0x00007ffc9e0d0000 	c:\Users\pedro\.vscode\extensions\redhat.java-1.9.0-win32-x64\jre\17.0.3-win32-x86_64\bin\verify.dll
0x00007ffc9e270000 - 0x00007ffc9e279000 	C:\Users\pedro\.vscode\extensions\redhat.java-1.9.0-win32-x64\jre\17.0.3-win32-x86_64\bin\management.dll
0x00007ffc9e080000 - 0x00007ffc9e08b000 	C:\Users\pedro\.vscode\extensions\redhat.java-1.9.0-win32-x64\jre\17.0.3-win32-x86_64\bin\management_ext.dll
0x00007ffc92e70000 - 0x00007ffc92e87000 	C:\Windows\system32\napinsp.dll
0x00007ffc92e50000 - 0x00007ffc92e6b000 	C:\Windows\system32\pnrpnsp.dll
0x00007ffcb7b40000 - 0x00007ffcb7c28000 	C:\Windows\SYSTEM32\DNSAPI.dll
0x00007ffcb7ad0000 - 0x00007ffcb7afd000 	C:\Windows\SYSTEM32\IPHLPAPI.DLL
0x00007ffcbacd0000 - 0x00007ffcbacd9000 	C:\Windows\System32\NSI.dll
0x00007ffc92e30000 - 0x00007ffc92e42000 	C:\Windows\System32\winrnr.dll
0x00007ffcb2600000 - 0x00007ffcb2615000 	C:\Windows\system32\wshbth.dll
0x00007ffc92e10000 - 0x00007ffc92e2f000 	C:\Windows\system32\nlansp_c.dll
0x00007ffcaae50000 - 0x00007ffcaae5a000 	C:\Windows\System32\rasadhlp.dll
0x00007ffcb06b0000 - 0x00007ffcb0731000 	C:\Windows\System32\fwpuclnt.dll
0x00007ffcb8620000 - 0x00007ffcb8638000 	C:\Windows\SYSTEM32\CRYPTSP.dll
0x00007ffcb7f00000 - 0x00007ffcb7f35000 	C:\Windows\system32\rsaenh.dll
0x00007ffcb84c0000 - 0x00007ffcb84e9000 	C:\Windows\SYSTEM32\USERENV.dll
0x00007ffcb8800000 - 0x00007ffcb8827000 	C:\Windows\SYSTEM32\bcrypt.dll
0x00007ffcb8610000 - 0x00007ffcb861c000 	C:\Windows\SYSTEM32\CRYPTBASE.dll
0x00007ffcb2f50000 - 0x00007ffcb2f69000 	C:\Windows\SYSTEM32\dhcpcsvc6.DLL
0x00007ffcb3300000 - 0x00007ffcb331e000 	C:\Windows\SYSTEM32\dhcpcsvc.DLL

dbghelp: loaded successfully - version: 4.0.5 - missing functions: none
symbol engine: initialized successfully - sym options: 0x614 - pdb path: .;c:\Users\pedro\.vscode\extensions\redhat.java-1.9.0-win32-x64\jre\17.0.3-win32-x86_64\bin;C:\Windows\SYSTEM32;C:\Windows\WinSxS\amd64_microsoft.windows.common-controls_6595b64144ccf1df_6.0.22000.120_none_9d947278b86cc467;c:\Users\pedro\.vscode\extensions\redhat.java-1.9.0-win32-x64\jre\17.0.3-win32-x86_64\bin\server

VM Arguments:
jvm_args: --add-modules=ALL-SYSTEM --add-exports=jdk.compiler/com.sun.tools.javac.file=ALL-UNNAMED --add-exports=jdk.compiler/com.sun.tools.javac.util=ALL-UNNAMED --add-exports=jdk.compiler/com.sun.tools.javac.comp=ALL-UNNAMED --add-exports=jdk.compiler/com.sun.tools.javac.main=ALL-UNNAMED --add-exports=jdk.compiler/com.sun.tools.javac.tree=ALL-UNNAMED --add-exports=jdk.compiler/com.sun.tools.javac.code=ALL-UNNAMED -Dsts.lsp.client=vscode -Dsts.log.file=/dev/null -XX:TieredStopAtLevel=1 -Dspring.config.location=file:c:\Users\pedro\.vscode\extensions\pivotal.vscode-spring-boot-1.36.0\language-server\BOOT-INF\classes\application.properties 
java_command: org.springframework.ide.vscode.boot.app.BootLanguageServerBootApp
java_class_path (initial): c:\Users\pedro\.vscode\extensions\pivotal.vscode-spring-boot-1.36.0\language-server\BOOT-INF\classes;c:\Users\pedro\.vscode\extensions\pivotal.vscode-spring-boot-1.36.0\language-server\BOOT-INF\lib\annotations-23.0.0.jar;c:\Users\pedro\.vscode\extensions\pivotal.vscode-spring-boot-1.36.0\language-server\BOOT-INF\lib\antlr-runtime-3.5.2.jar;c:\Users\pedro\.vscode\extensions\pivotal.vscode-spring-boot-1.36.0\language-server\BOOT-INF\lib\antlr4-4.9.3.jar;c:\Users\pedro\.vscode\extensions\pivotal.vscode-spring-boot-1.36.0\language-server\BOOT-INF\lib\antlr4-runtime-4.9.3.jar;c:\Users\pedro\.vscode\extensions\pivotal.vscode-spring-boot-1.36.0\language-server\BOOT-INF\lib\asm-9.3.jar;c:\Users\pedro\.vscode\extensions\pivotal.vscode-spring-boot-1.36.0\language-server\BOOT-INF\lib\asm-analysis-9.3.jar;c:\Users\pedro\.vscode\extensions\pivotal.vscode-spring-boot-1.36.0\language-server\BOOT-INF\lib\asm-tree-9.3.jar;c:\Users\pedro\.vscode\extensions\pivotal.vscode-spring-boot-1.36.0\language-server\BOOT-INF\lib\asm-util-9.3.jar;c:\Users\pedro\.vscode\extensions\pivotal.vscode-spring-boot-1.36.0\language-server\BOOT-INF\lib\byte-buddy-1.10.18.jar;c:\Users\pedro\.vscode\extensions\pivotal.vscode-spring-boot-1.36.0\language-server\BOOT-INF\lib\caffeine-2.8.6.jar;c:\Users\pedro\.vscode\extensions\pivotal.vscode-spring-boot-1.36.0\language-server\BOOT-INF\lib\checker-qual-3.12.0.jar;c:\Users\pedro\.vscode\extensions\pivotal.vscode-spring-boot-1.36.0\language-server\BOOT-INF\lib\classgraph-4.8.146.jar;c:\Users\pedro\.vscode\extensions\pivotal.vscode-spring-boot-1.36.0\language-server\BOOT-INF\lib\commons-codec-1.14.jar;c:\Users\pedro\.vscode\extensions\pivotal.vscode-spring-boot-1.36.0\language-server\BOOT-INF\lib\commons-compress-1.21.jar;c:\Users\pedro\.vscode\extensions\pivotal.vscode-spring-boot-1.36.0\language-server\BOOT-INF\lib\commons-exec-1.3.jar;c:\Users\pedro\.vscode\extensions\pivotal.vscode-spring-boot-1.36.0\language-server\BOOT-INF\lib\com
Launcher Type: SUN_STANDARD

[Global flags]
     intx CICompilerCount                          = 12                                        {product} {ergonomic}
     uint ConcGCThreads                            = 3                                         {product} {ergonomic}
     uint G1ConcRefinementThreads                  = 13                                        {product} {ergonomic}
   size_t G1HeapRegionSize                         = 1048576                                   {product} {ergonomic}
    uintx GCDrainStackTargetSize                   = 64                                        {product} {ergonomic}
   size_t InitialHeapSize                          = 98566144                                  {product} {ergonomic}
   size_t MarkStackSize                            = 4194304                                   {product} {ergonomic}
   size_t MaxHeapSize                              = 1574961152                                {product} {ergonomic}
   size_t MaxNewSize                               = 944766976                                 {product} {ergonomic}
   size_t MinHeapDeltaBytes                        = 1048576                                   {product} {ergonomic}
   size_t MinHeapSize                              = 8388608                                   {product} {ergonomic}
    uintx NonProfiledCodeHeapSize                  = 0                                      {pd product} {ergonomic}
     bool ProfileInterpreter                       = false                                  {pd product} {command line}
    uintx ProfiledCodeHeapSize                     = 0                                      {pd product} {ergonomic}
   size_t SoftMaxHeapSize                          = 1574961152                             {manageable} {ergonomic}
     intx TieredStopAtLevel                        = 1                                         {product} {command line}
     bool UseCompressedClassPointers               = true                           {product lp64_product} {ergonomic}
     bool UseCompressedOops                        = true                           {product lp64_product} {ergonomic}
     bool UseG1GC                                  = true                                      {product} {ergonomic}
     bool UseLargePagesIndividualAllocation        = false                                  {pd product} {ergonomic}

Logging:
Log output configuration:
 #0: stdout all=warning uptime,level,tags
 #1: stderr all=off uptime,level,tags

Environment Variables:
PATH=C:\Program Files\Common Files\Oracle\Java\javapath;C:\Windows\system32;C:\Windows;C:\Windows\System32\Wbem;C:\Windows\System32\WindowsPowerShell\v1.0\;C:\Windows\System32\OpenSSH\;C:\Program Files\Git\cmd;C:\Program Files\nodejs\;C:\Users\pedro\AppData\Local\Microsoft\WindowsApps;C:\Users\pedro\AppData\Local\Programs\Microsoft VS Code\bin;C:\src\flutter\bin;C:\Users\pedro\AppData\Roaming\npm
USERNAME=pedro
OS=Windows_NT
PROCESSOR_IDENTIFIER=AMD64 Family 23 Model 104 Stepping 1, AuthenticAMD



---------------  S Y S T E M  ---------------

OS:
 Windows 11 , 64 bit Build 22000 (10.0.22000.708)
OS uptime: 5 days 8:10 hours

CPU: total 16 (initial active 16) (16 cores per cpu, 2 threads per core) family 23 model 104 stepping 1 microcode 0x0, cx8, cmov, fxsr, ht, mmx, 3dnowpref, sse, sse2, sse3, ssse3, sse4a, sse4.1, sse4.2, popcnt, lzcnt, tsc, tscinvbit, avx, avx2, aes, clmul, bmi1, bmi2, adx, sha, fma, vzeroupper, clflush, clflushopt

Memory: 4k page, system-wide physical 6005M (26M free)
TotalPageFile size 24437M (AvailPageFile size 6M)
current process WorkingSet (physical memory assigned to process): 175M, peak: 175M
current process commit charge ("private bytes"): 223M, peak: 226M

vm_info: OpenJDK 64-Bit Server VM (17.0.3+7) for windows-amd64 JRE (17.0.3+7), built on Apr 19 2022 16:55:35 by "" with MS VC++ 16.7 (VS2019)

END.
